[2024-08-01 19:52:32] local.ERROR: SQLSTATE[08006] [7] could not translate host name "pgsql" to address: Temporary failure in name resolution (Connection: pgsql, SQL: select c.relname as name, n.nspname as schema, pg_total_relation_size(c.oid) as size, obj_description(c.oid, 'pg_class') as comment from pg_class c, pg_namespace n where c.relkind in ('r', 'p') and n.oid = c.relnamespace and n.nspname not in ('pg_catalog', 'information_schema') order by c.relname) {"exception":"[object] (Illuminate\\Database\\QueryException(code: 7): SQLSTATE[08006] [7] could not translate host name \"pgsql\" to address: Temporary failure in name resolution (Connection: pgsql, SQL: select c.relname as name, n.nspname as schema, pg_total_relation_size(c.oid) as size, obj_description(c.oid, 'pg_class') as comment from pg_class c, pg_namespace n where c.relkind in ('r', 'p') and n.oid = c.relnamespace and n.nspname not in ('pg_catalog', 'information_schema') order by c.relname) at /home/sarev17/placehub/vendor/laravel/framework/src/Illuminate/Database/Connection.php:813)
[stacktrace]
#0 /home/sarev17/placehub/vendor/laravel/framework/src/Illuminate/Database/Connection.php(967): Illuminate\\Database\\Connection->runQueryCallback()
#1 /home/sarev17/placehub/vendor/laravel/framework/src/Illuminate/Database/Connection.php(946): Illuminate\\Database\\Connection->tryAgainIfCausedByLostConnection()
#2 /home/sarev17/placehub/vendor/laravel/framework/src/Illuminate/Database/Connection.php(769): Illuminate\\Database\\Connection->handleQueryException()
#3 /home/sarev17/placehub/vendor/laravel/framework/src/Illuminate/Database/Connection.php(398): Illuminate\\Database\\Connection->run()
#4 /home/sarev17/placehub/vendor/laravel/framework/src/Illuminate/Database/Connection.php(385): Illuminate\\Database\\Connection->select()
#5 /home/sarev17/placehub/vendor/laravel/framework/src/Illuminate/Database/Schema/Builder.php(183): Illuminate\\Database\\Connection->selectFromWriteConnection()
#6 /home/sarev17/placehub/vendor/laravel/framework/src/Illuminate/Database/Schema/PostgresBuilder.php(52): Illuminate\\Database\\Schema\\Builder->getTables()
#7 /home/sarev17/placehub/vendor/laravel/framework/src/Illuminate/Database/Migrations/DatabaseMigrationRepository.php(184): Illuminate\\Database\\Schema\\PostgresBuilder->hasTable()
#8 /home/sarev17/placehub/vendor/laravel/framework/src/Illuminate/Database/Migrations/Migrator.php(680): Illuminate\\Database\\Migrations\\DatabaseMigrationRepository->repositoryExists()
#9 /home/sarev17/placehub/vendor/laravel/framework/src/Illuminate/Database/Console/Migrations/MigrateCommand.php(164): Illuminate\\Database\\Migrations\\Migrator->repositoryExists()
#10 /home/sarev17/placehub/vendor/laravel/framework/src/Illuminate/Support/helpers.php(319): Illuminate\\Database\\Console\\Migrations\\MigrateCommand->Illuminate\\Database\\Console\\Migrations\\{closure}()
#11 /home/sarev17/placehub/vendor/laravel/framework/src/Illuminate/Database/Console/Migrations/MigrateCommand.php(164): retry()
#12 /home/sarev17/placehub/vendor/laravel/framework/src/Illuminate/Database/Console/Migrations/MigrateCommand.php(140): Illuminate\\Database\\Console\\Migrations\\MigrateCommand->repositoryExists()
#13 /home/sarev17/placehub/vendor/laravel/framework/src/Illuminate/Database/Console/Migrations/MigrateCommand.php(110): Illuminate\\Database\\Console\\Migrations\\MigrateCommand->prepareDatabase()
#14 /home/sarev17/placehub/vendor/laravel/framework/src/Illuminate/Database/Migrations/Migrator.php(615): Illuminate\\Database\\Console\\Migrations\\MigrateCommand->Illuminate\\Database\\Console\\Migrations\\{closure}()
#15 /home/sarev17/placehub/vendor/laravel/framework/src/Illuminate/Database/Console/Migrations/MigrateCommand.php(109): Illuminate\\Database\\Migrations\\Migrator->usingConnection()
#16 /home/sarev17/placehub/vendor/laravel/framework/src/Illuminate/Database/Console/Migrations/MigrateCommand.php(88): Illuminate\\Database\\Console\\Migrations\\MigrateCommand->runMigrations()
#17 /home/sarev17/placehub/vendor/laravel/framework/src/Illuminate/Container/BoundMethod.php(36): Illuminate\\Database\\Console\\Migrations\\MigrateCommand->handle()
#18 /home/sarev17/placehub/vendor/laravel/framework/src/Illuminate/Container/Util.php(41): Illuminate\\Container\\BoundMethod::Illuminate\\Container\\{closure}()
#19 /home/sarev17/placehub/vendor/laravel/framework/src/Illuminate/Container/BoundMethod.php(93): Illuminate\\Container\\Util::unwrapIfClosure()
#20 /home/sarev17/placehub/vendor/laravel/framework/src/Illuminate/Container/BoundMethod.php(35): Illuminate\\Container\\BoundMethod::callBoundMethod()
#21 /home/sarev17/placehub/vendor/laravel/framework/src/Illuminate/Container/Container.php(690): Illuminate\\Container\\BoundMethod::call()
#22 /home/sarev17/placehub/vendor/laravel/framework/src/Illuminate/Console/Command.php(213): Illuminate\\Container\\Container->call()
#23 /home/sarev17/placehub/vendor/symfony/console/Command/Command.php(279): Illuminate\\Console\\Command->execute()
#24 /home/sarev17/placehub/vendor/laravel/framework/src/Illuminate/Console/Command.php(182): Symfony\\Component\\Console\\Command\\Command->run()
#25 /home/sarev17/placehub/vendor/laravel/framework/src/Illuminate/Console/Concerns/CallsCommands.php(67): Illuminate\\Console\\Command->run()
#26 /home/sarev17/placehub/vendor/laravel/framework/src/Illuminate/Console/Concerns/CallsCommands.php(28): Illuminate\\Console\\Command->runCommand()
#27 /home/sarev17/placehub/vendor/laravel/framework/src/Illuminate/Foundation/Console/ApiInstallCommand.php(78): Illuminate\\Console\\Command->call()
#28 /home/sarev17/placehub/vendor/laravel/framework/src/Illuminate/Container/BoundMethod.php(36): Illuminate\\Foundation\\Console\\ApiInstallCommand->handle()
#29 /home/sarev17/placehub/vendor/laravel/framework/src/Illuminate/Container/Util.php(41): Illuminate\\Container\\BoundMethod::Illuminate\\Container\\{closure}()
#30 /home/sarev17/placehub/vendor/laravel/framework/src/Illuminate/Container/BoundMethod.php(93): Illuminate\\Container\\Util::unwrapIfClosure()
#31 /home/sarev17/placehub/vendor/laravel/framework/src/Illuminate/Container/BoundMethod.php(35): Illuminate\\Container\\BoundMethod::callBoundMethod()
#32 /home/sarev17/placehub/vendor/laravel/framework/src/Illuminate/Container/Container.php(690): Illuminate\\Container\\BoundMethod::call()
#33 /home/sarev17/placehub/vendor/laravel/framework/src/Illuminate/Console/Command.php(213): Illuminate\\Container\\Container->call()
#34 /home/sarev17/placehub/vendor/symfony/console/Command/Command.php(279): Illuminate\\Console\\Command->execute()
#35 /home/sarev17/placehub/vendor/laravel/framework/src/Illuminate/Console/Command.php(182): Symfony\\Component\\Console\\Command\\Command->run()
#36 /home/sarev17/placehub/vendor/symfony/console/Application.php(1047): Illuminate\\Console\\Command->run()
#37 /home/sarev17/placehub/vendor/symfony/console/Application.php(316): Symfony\\Component\\Console\\Application->doRunCommand()
#38 /home/sarev17/placehub/vendor/symfony/console/Application.php(167): Symfony\\Component\\Console\\Application->doRun()
#39 /home/sarev17/placehub/vendor/laravel/framework/src/Illuminate/Foundation/Console/Kernel.php(197): Symfony\\Component\\Console\\Application->run()
#40 /home/sarev17/placehub/vendor/laravel/framework/src/Illuminate/Foundation/Application.php(1203): Illuminate\\Foundation\\Console\\Kernel->handle()
#41 /home/sarev17/placehub/artisan(13): Illuminate\\Foundation\\Application->handleCommand()
#42 {main}

[previous exception] [object] (PDOException(code: 7): SQLSTATE[08006] [7] could not translate host name \"pgsql\" to address: Temporary failure in name resolution at /home/sarev17/placehub/vendor/laravel/framework/src/Illuminate/Database/Connectors/Connector.php:65)
[stacktrace]
#0 /home/sarev17/placehub/vendor/laravel/framework/src/Illuminate/Database/Connectors/Connector.php(65): PDO->__construct()
#1 /home/sarev17/placehub/vendor/laravel/framework/src/Illuminate/Database/Connectors/Connector.php(83): Illuminate\\Database\\Connectors\\Connector->createPdoConnection()
#2 /home/sarev17/placehub/vendor/laravel/framework/src/Illuminate/Database/Connectors/Connector.php(48): Illuminate\\Database\\Connectors\\Connector->tryAgainIfCausedByLostConnection()
#3 /home/sarev17/placehub/vendor/laravel/framework/src/Illuminate/Database/Connectors/PostgresConnector.php(35): Illuminate\\Database\\Connectors\\Connector->createConnection()
#4 /home/sarev17/placehub/vendor/laravel/framework/src/Illuminate/Database/Connectors/ConnectionFactory.php(185): Illuminate\\Database\\Connectors\\PostgresConnector->connect()
#5 [internal function]: Illuminate\\Database\\Connectors\\ConnectionFactory->Illuminate\\Database\\Connectors\\{closure}()
#6 /home/sarev17/placehub/vendor/laravel/framework/src/Illuminate/Database/Connection.php(1219): call_user_func()
#7 /home/sarev17/placehub/vendor/laravel/framework/src/Illuminate/Database/Connection.php(512): Illuminate\\Database\\Connection->getPdo()
#8 /home/sarev17/placehub/vendor/laravel/framework/src/Illuminate/Database/Connection.php(407): Illuminate\\Database\\Connection->getPdoForSelect()
#9 /home/sarev17/placehub/vendor/laravel/framework/src/Illuminate/Database/Connection.php(800): Illuminate\\Database\\Connection->Illuminate\\Database\\{closure}()
#10 /home/sarev17/placehub/vendor/laravel/framework/src/Illuminate/Database/Connection.php(967): Illuminate\\Database\\Connection->runQueryCallback()
#11 /home/sarev17/placehub/vendor/laravel/framework/src/Illuminate/Database/Connection.php(946): Illuminate\\Database\\Connection->tryAgainIfCausedByLostConnection()
#12 /home/sarev17/placehub/vendor/laravel/framework/src/Illuminate/Database/Connection.php(769): Illuminate\\Database\\Connection->handleQueryException()
#13 /home/sarev17/placehub/vendor/laravel/framework/src/Illuminate/Database/Connection.php(398): Illuminate\\Database\\Connection->run()
#14 /home/sarev17/placehub/vendor/laravel/framework/src/Illuminate/Database/Connection.php(385): Illuminate\\Database\\Connection->select()
#15 /home/sarev17/placehub/vendor/laravel/framework/src/Illuminate/Database/Schema/Builder.php(183): Illuminate\\Database\\Connection->selectFromWriteConnection()
#16 /home/sarev17/placehub/vendor/laravel/framework/src/Illuminate/Database/Schema/PostgresBuilder.php(52): Illuminate\\Database\\Schema\\Builder->getTables()
#17 /home/sarev17/placehub/vendor/laravel/framework/src/Illuminate/Database/Migrations/DatabaseMigrationRepository.php(184): Illuminate\\Database\\Schema\\PostgresBuilder->hasTable()
#18 /home/sarev17/placehub/vendor/laravel/framework/src/Illuminate/Database/Migrations/Migrator.php(680): Illuminate\\Database\\Migrations\\DatabaseMigrationRepository->repositoryExists()
#19 /home/sarev17/placehub/vendor/laravel/framework/src/Illuminate/Database/Console/Migrations/MigrateCommand.php(164): Illuminate\\Database\\Migrations\\Migrator->repositoryExists()
#20 /home/sarev17/placehub/vendor/laravel/framework/src/Illuminate/Support/helpers.php(319): Illuminate\\Database\\Console\\Migrations\\MigrateCommand->Illuminate\\Database\\Console\\Migrations\\{closure}()
#21 /home/sarev17/placehub/vendor/laravel/framework/src/Illuminate/Database/Console/Migrations/MigrateCommand.php(164): retry()
#22 /home/sarev17/placehub/vendor/laravel/framework/src/Illuminate/Database/Console/Migrations/MigrateCommand.php(140): Illuminate\\Database\\Console\\Migrations\\MigrateCommand->repositoryExists()
#23 /home/sarev17/placehub/vendor/laravel/framework/src/Illuminate/Database/Console/Migrations/MigrateCommand.php(110): Illuminate\\Database\\Console\\Migrations\\MigrateCommand->prepareDatabase()
#24 /home/sarev17/placehub/vendor/laravel/framework/src/Illuminate/Database/Migrations/Migrator.php(615): Illuminate\\Database\\Console\\Migrations\\MigrateCommand->Illuminate\\Database\\Console\\Migrations\\{closure}()
#25 /home/sarev17/placehub/vendor/laravel/framework/src/Illuminate/Database/Console/Migrations/MigrateCommand.php(109): Illuminate\\Database\\Migrations\\Migrator->usingConnection()
#26 /home/sarev17/placehub/vendor/laravel/framework/src/Illuminate/Database/Console/Migrations/MigrateCommand.php(88): Illuminate\\Database\\Console\\Migrations\\MigrateCommand->runMigrations()
#27 /home/sarev17/placehub/vendor/laravel/framework/src/Illuminate/Container/BoundMethod.php(36): Illuminate\\Database\\Console\\Migrations\\MigrateCommand->handle()
#28 /home/sarev17/placehub/vendor/laravel/framework/src/Illuminate/Container/Util.php(41): Illuminate\\Container\\BoundMethod::Illuminate\\Container\\{closure}()
#29 /home/sarev17/placehub/vendor/laravel/framework/src/Illuminate/Container/BoundMethod.php(93): Illuminate\\Container\\Util::unwrapIfClosure()
#30 /home/sarev17/placehub/vendor/laravel/framework/src/Illuminate/Container/BoundMethod.php(35): Illuminate\\Container\\BoundMethod::callBoundMethod()
#31 /home/sarev17/placehub/vendor/laravel/framework/src/Illuminate/Container/Container.php(690): Illuminate\\Container\\BoundMethod::call()
#32 /home/sarev17/placehub/vendor/laravel/framework/src/Illuminate/Console/Command.php(213): Illuminate\\Container\\Container->call()
#33 /home/sarev17/placehub/vendor/symfony/console/Command/Command.php(279): Illuminate\\Console\\Command->execute()
#34 /home/sarev17/placehub/vendor/laravel/framework/src/Illuminate/Console/Command.php(182): Symfony\\Component\\Console\\Command\\Command->run()
#35 /home/sarev17/placehub/vendor/laravel/framework/src/Illuminate/Console/Concerns/CallsCommands.php(67): Illuminate\\Console\\Command->run()
#36 /home/sarev17/placehub/vendor/laravel/framework/src/Illuminate/Console/Concerns/CallsCommands.php(28): Illuminate\\Console\\Command->runCommand()
#37 /home/sarev17/placehub/vendor/laravel/framework/src/Illuminate/Foundation/Console/ApiInstallCommand.php(78): Illuminate\\Console\\Command->call()
#38 /home/sarev17/placehub/vendor/laravel/framework/src/Illuminate/Container/BoundMethod.php(36): Illuminate\\Foundation\\Console\\ApiInstallCommand->handle()
#39 /home/sarev17/placehub/vendor/laravel/framework/src/Illuminate/Container/Util.php(41): Illuminate\\Container\\BoundMethod::Illuminate\\Container\\{closure}()
#40 /home/sarev17/placehub/vendor/laravel/framework/src/Illuminate/Container/BoundMethod.php(93): Illuminate\\Container\\Util::unwrapIfClosure()
#41 /home/sarev17/placehub/vendor/laravel/framework/src/Illuminate/Container/BoundMethod.php(35): Illuminate\\Container\\BoundMethod::callBoundMethod()
#42 /home/sarev17/placehub/vendor/laravel/framework/src/Illuminate/Container/Container.php(690): Illuminate\\Container\\BoundMethod::call()
#43 /home/sarev17/placehub/vendor/laravel/framework/src/Illuminate/Console/Command.php(213): Illuminate\\Container\\Container->call()
#44 /home/sarev17/placehub/vendor/symfony/console/Command/Command.php(279): Illuminate\\Console\\Command->execute()
#45 /home/sarev17/placehub/vendor/laravel/framework/src/Illuminate/Console/Command.php(182): Symfony\\Component\\Console\\Command\\Command->run()
#46 /home/sarev17/placehub/vendor/symfony/console/Application.php(1047): Illuminate\\Console\\Command->run()
#47 /home/sarev17/placehub/vendor/symfony/console/Application.php(316): Symfony\\Component\\Console\\Application->doRunCommand()
#48 /home/sarev17/placehub/vendor/symfony/console/Application.php(167): Symfony\\Component\\Console\\Application->doRun()
#49 /home/sarev17/placehub/vendor/laravel/framework/src/Illuminate/Foundation/Console/Kernel.php(197): Symfony\\Component\\Console\\Application->run()
#50 /home/sarev17/placehub/vendor/laravel/framework/src/Illuminate/Foundation/Application.php(1203): Illuminate\\Foundation\\Console\\Kernel->handle()
#51 /home/sarev17/placehub/artisan(13): Illuminate\\Foundation\\Application->handleCommand()
#52 {main}
"} 
[2024-08-01 19:53:31] local.ERROR: SQLSTATE[42P01]: Undefined table: 7 ERROR:  relation "places" does not exist
LINE 1: select exists(select * from "places" where "id" is not null ...
                                    ^ (Connection: pgsql, SQL: select exists(select * from "places" where "id" is not null and "name" = Restaurant Bom Sabor and "city" = Rio de Janeiro and "state" = RJ) as "exists") {"exception":"[object] (Illuminate\\Database\\QueryException(code: 42P01): SQLSTATE[42P01]: Undefined table: 7 ERROR:  relation \"places\" does not exist
LINE 1: select exists(select * from \"places\" where \"id\" is not null ...
                                    ^ (Connection: pgsql, SQL: select exists(select * from \"places\" where \"id\" is not null and \"name\" = Restaurant Bom Sabor and \"city\" = Rio de Janeiro and \"state\" = RJ) as \"exists\") at /var/www/html/vendor/laravel/framework/src/Illuminate/Database/Connection.php:813)
[stacktrace]
#0 /var/www/html/vendor/laravel/framework/src/Illuminate/Database/Connection.php(767): Illuminate\\Database\\Connection->runQueryCallback()
#1 /var/www/html/vendor/laravel/framework/src/Illuminate/Database/Connection.php(398): Illuminate\\Database\\Connection->run()
#2 /var/www/html/vendor/laravel/framework/src/Illuminate/Database/Query/Builder.php(3460): Illuminate\\Database\\Connection->select()
#3 /var/www/html/app/Http/Requests/PlacesRequest.php(94): Illuminate\\Database\\Query\\Builder->exists()
#4 /var/www/html/vendor/laravel/framework/src/Illuminate/Validation/Validator.php(428): App\\Http\\Requests\\PlacesRequest->App\\Http\\Requests\\{closure}()
#5 /var/www/html/vendor/laravel/framework/src/Illuminate/Validation/Validator.php(481): Illuminate\\Validation\\Validator->Illuminate\\Validation\\{closure}()
#6 /var/www/html/vendor/laravel/framework/src/Illuminate/Validation/Validator.php(494): Illuminate\\Validation\\Validator->passes()
#7 /var/www/html/vendor/laravel/framework/src/Illuminate/Validation/ValidatesWhenResolvedTrait.php(31): Illuminate\\Validation\\Validator->fails()
#8 /var/www/html/vendor/laravel/framework/src/Illuminate/Foundation/Providers/FormRequestServiceProvider.php(30): Illuminate\\Foundation\\Http\\FormRequest->validateResolved()
#9 /var/www/html/vendor/laravel/framework/src/Illuminate/Container/Container.php(1418): Illuminate\\Foundation\\Providers\\FormRequestServiceProvider->Illuminate\\Foundation\\Providers\\{closure}()
#10 /var/www/html/vendor/laravel/framework/src/Illuminate/Container/Container.php(1354): Illuminate\\Container\\Container->fireCallbackArray()
#11 /var/www/html/vendor/laravel/framework/src/Illuminate/Container/Container.php(1340): Illuminate\\Container\\Container->fireAfterResolvingCallbacks()
#12 /var/www/html/vendor/laravel/framework/src/Illuminate/Container/Container.php(833): Illuminate\\Container\\Container->fireResolvingCallbacks()
#13 /var/www/html/vendor/laravel/framework/src/Illuminate/Foundation/Application.php(1046): Illuminate\\Container\\Container->resolve()
#14 /var/www/html/vendor/laravel/framework/src/Illuminate/Container/Container.php(751): Illuminate\\Foundation\\Application->resolve()
#15 /var/www/html/vendor/laravel/framework/src/Illuminate/Foundation/Application.php(1028): Illuminate\\Container\\Container->make()
#16 /var/www/html/vendor/laravel/framework/src/Illuminate/Routing/ResolvesRouteDependencies.php(85): Illuminate\\Foundation\\Application->make()
#17 /var/www/html/vendor/laravel/framework/src/Illuminate/Routing/ResolvesRouteDependencies.php(50): Illuminate\\Routing\\ControllerDispatcher->transformDependency()
#18 /var/www/html/vendor/laravel/framework/src/Illuminate/Routing/ResolvesRouteDependencies.php(29): Illuminate\\Routing\\ControllerDispatcher->resolveMethodDependencies()
#19 /var/www/html/vendor/laravel/framework/src/Illuminate/Routing/ControllerDispatcher.php(59): Illuminate\\Routing\\ControllerDispatcher->resolveClassMethodDependencies()
#20 /var/www/html/vendor/laravel/framework/src/Illuminate/Routing/ControllerDispatcher.php(40): Illuminate\\Routing\\ControllerDispatcher->resolveParameters()
#21 /var/www/html/vendor/laravel/framework/src/Illuminate/Routing/Route.php(260): Illuminate\\Routing\\ControllerDispatcher->dispatch()
#22 /var/www/html/vendor/laravel/framework/src/Illuminate/Routing/Route.php(206): Illuminate\\Routing\\Route->runController()
#23 /var/www/html/vendor/laravel/framework/src/Illuminate/Routing/Router.php(808): Illuminate\\Routing\\Route->run()
#24 /var/www/html/vendor/laravel/framework/src/Illuminate/Pipeline/Pipeline.php(144): Illuminate\\Routing\\Router->Illuminate\\Routing\\{closure}()
#25 /var/www/html/vendor/laravel/framework/src/Illuminate/Routing/Middleware/SubstituteBindings.php(50): Illuminate\\Pipeline\\Pipeline->Illuminate\\Pipeline\\{closure}()
#26 /var/www/html/vendor/laravel/framework/src/Illuminate/Pipeline/Pipeline.php(183): Illuminate\\Routing\\Middleware\\SubstituteBindings->handle()
#27 /var/www/html/vendor/laravel/framework/src/Illuminate/Pipeline/Pipeline.php(119): Illuminate\\Pipeline\\Pipeline->Illuminate\\Pipeline\\{closure}()
#28 /var/www/html/vendor/laravel/framework/src/Illuminate/Routing/Router.php(807): Illuminate\\Pipeline\\Pipeline->then()
#29 /var/www/html/vendor/laravel/framework/src/Illuminate/Routing/Router.php(786): Illuminate\\Routing\\Router->runRouteWithinStack()
#30 /var/www/html/vendor/laravel/framework/src/Illuminate/Routing/Router.php(750): Illuminate\\Routing\\Router->runRoute()
#31 /var/www/html/vendor/laravel/framework/src/Illuminate/Routing/Router.php(739): Illuminate\\Routing\\Router->dispatchToRoute()
#32 /var/www/html/vendor/laravel/framework/src/Illuminate/Foundation/Http/Kernel.php(201): Illuminate\\Routing\\Router->dispatch()
#33 /var/www/html/vendor/laravel/framework/src/Illuminate/Pipeline/Pipeline.php(144): Illuminate\\Foundation\\Http\\Kernel->Illuminate\\Foundation\\Http\\{closure}()
#34 /var/www/html/vendor/laravel/framework/src/Illuminate/Foundation/Http/Middleware/TransformsRequest.php(21): Illuminate\\Pipeline\\Pipeline->Illuminate\\Pipeline\\{closure}()
#35 /var/www/html/vendor/laravel/framework/src/Illuminate/Foundation/Http/Middleware/ConvertEmptyStringsToNull.php(31): Illuminate\\Foundation\\Http\\Middleware\\TransformsRequest->handle()
#36 /var/www/html/vendor/laravel/framework/src/Illuminate/Pipeline/Pipeline.php(183): Illuminate\\Foundation\\Http\\Middleware\\ConvertEmptyStringsToNull->handle()
#37 /var/www/html/vendor/laravel/framework/src/Illuminate/Foundation/Http/Middleware/TransformsRequest.php(21): Illuminate\\Pipeline\\Pipeline->Illuminate\\Pipeline\\{closure}()
#38 /var/www/html/vendor/laravel/framework/src/Illuminate/Foundation/Http/Middleware/TrimStrings.php(51): Illuminate\\Foundation\\Http\\Middleware\\TransformsRequest->handle()
#39 /var/www/html/vendor/laravel/framework/src/Illuminate/Pipeline/Pipeline.php(183): Illuminate\\Foundation\\Http\\Middleware\\TrimStrings->handle()
#40 /var/www/html/vendor/laravel/framework/src/Illuminate/Http/Middleware/ValidatePostSize.php(27): Illuminate\\Pipeline\\Pipeline->Illuminate\\Pipeline\\{closure}()
#41 /var/www/html/vendor/laravel/framework/src/Illuminate/Pipeline/Pipeline.php(183): Illuminate\\Http\\Middleware\\ValidatePostSize->handle()
#42 /var/www/html/vendor/laravel/framework/src/Illuminate/Foundation/Http/Middleware/PreventRequestsDuringMaintenance.php(110): Illuminate\\Pipeline\\Pipeline->Illuminate\\Pipeline\\{closure}()
#43 /var/www/html/vendor/laravel/framework/src/Illuminate/Pipeline/Pipeline.php(183): Illuminate\\Foundation\\Http\\Middleware\\PreventRequestsDuringMaintenance->handle()
#44 /var/www/html/vendor/laravel/framework/src/Illuminate/Http/Middleware/HandleCors.php(62): Illuminate\\Pipeline\\Pipeline->Illuminate\\Pipeline\\{closure}()
#45 /var/www/html/vendor/laravel/framework/src/Illuminate/Pipeline/Pipeline.php(183): Illuminate\\Http\\Middleware\\HandleCors->handle()
#46 /var/www/html/vendor/laravel/framework/src/Illuminate/Http/Middleware/TrustProxies.php(57): Illuminate\\Pipeline\\Pipeline->Illuminate\\Pipeline\\{closure}()
#47 /var/www/html/vendor/laravel/framework/src/Illuminate/Pipeline/Pipeline.php(183): Illuminate\\Http\\Middleware\\TrustProxies->handle()
#48 /var/www/html/vendor/laravel/framework/src/Illuminate/Pipeline/Pipeline.php(119): Illuminate\\Pipeline\\Pipeline->Illuminate\\Pipeline\\{closure}()
#49 /var/www/html/vendor/laravel/framework/src/Illuminate/Foundation/Http/Kernel.php(176): Illuminate\\Pipeline\\Pipeline->then()
#50 /var/www/html/vendor/laravel/framework/src/Illuminate/Foundation/Http/Kernel.php(145): Illuminate\\Foundation\\Http\\Kernel->sendRequestThroughRouter()
#51 /var/www/html/vendor/laravel/framework/src/Illuminate/Foundation/Application.php(1188): Illuminate\\Foundation\\Http\\Kernel->handle()
#52 /var/www/html/public/index.php(17): Illuminate\\Foundation\\Application->handleRequest()
#53 /var/www/html/vendor/laravel/framework/src/Illuminate/Foundation/resources/server.php(23): require_once('...')
#54 {main}

[previous exception] [object] (PDOException(code: 42P01): SQLSTATE[42P01]: Undefined table: 7 ERROR:  relation \"places\" does not exist
LINE 1: select exists(select * from \"places\" where \"id\" is not null ...
                                    ^ at /var/www/html/vendor/laravel/framework/src/Illuminate/Database/Connection.php:412)
[stacktrace]
#0 /var/www/html/vendor/laravel/framework/src/Illuminate/Database/Connection.php(412): PDOStatement->execute()
#1 /var/www/html/vendor/laravel/framework/src/Illuminate/Database/Connection.php(800): Illuminate\\Database\\Connection->Illuminate\\Database\\{closure}()
#2 /var/www/html/vendor/laravel/framework/src/Illuminate/Database/Connection.php(767): Illuminate\\Database\\Connection->runQueryCallback()
#3 /var/www/html/vendor/laravel/framework/src/Illuminate/Database/Connection.php(398): Illuminate\\Database\\Connection->run()
#4 /var/www/html/vendor/laravel/framework/src/Illuminate/Database/Query/Builder.php(3460): Illuminate\\Database\\Connection->select()
#5 /var/www/html/app/Http/Requests/PlacesRequest.php(94): Illuminate\\Database\\Query\\Builder->exists()
#6 /var/www/html/vendor/laravel/framework/src/Illuminate/Validation/Validator.php(428): App\\Http\\Requests\\PlacesRequest->App\\Http\\Requests\\{closure}()
#7 /var/www/html/vendor/laravel/framework/src/Illuminate/Validation/Validator.php(481): Illuminate\\Validation\\Validator->Illuminate\\Validation\\{closure}()
#8 /var/www/html/vendor/laravel/framework/src/Illuminate/Validation/Validator.php(494): Illuminate\\Validation\\Validator->passes()
#9 /var/www/html/vendor/laravel/framework/src/Illuminate/Validation/ValidatesWhenResolvedTrait.php(31): Illuminate\\Validation\\Validator->fails()
#10 /var/www/html/vendor/laravel/framework/src/Illuminate/Foundation/Providers/FormRequestServiceProvider.php(30): Illuminate\\Foundation\\Http\\FormRequest->validateResolved()
#11 /var/www/html/vendor/laravel/framework/src/Illuminate/Container/Container.php(1418): Illuminate\\Foundation\\Providers\\FormRequestServiceProvider->Illuminate\\Foundation\\Providers\\{closure}()
#12 /var/www/html/vendor/laravel/framework/src/Illuminate/Container/Container.php(1354): Illuminate\\Container\\Container->fireCallbackArray()
#13 /var/www/html/vendor/laravel/framework/src/Illuminate/Container/Container.php(1340): Illuminate\\Container\\Container->fireAfterResolvingCallbacks()
#14 /var/www/html/vendor/laravel/framework/src/Illuminate/Container/Container.php(833): Illuminate\\Container\\Container->fireResolvingCallbacks()
#15 /var/www/html/vendor/laravel/framework/src/Illuminate/Foundation/Application.php(1046): Illuminate\\Container\\Container->resolve()
#16 /var/www/html/vendor/laravel/framework/src/Illuminate/Container/Container.php(751): Illuminate\\Foundation\\Application->resolve()
#17 /var/www/html/vendor/laravel/framework/src/Illuminate/Foundation/Application.php(1028): Illuminate\\Container\\Container->make()
#18 /var/www/html/vendor/laravel/framework/src/Illuminate/Routing/ResolvesRouteDependencies.php(85): Illuminate\\Foundation\\Application->make()
#19 /var/www/html/vendor/laravel/framework/src/Illuminate/Routing/ResolvesRouteDependencies.php(50): Illuminate\\Routing\\ControllerDispatcher->transformDependency()
#20 /var/www/html/vendor/laravel/framework/src/Illuminate/Routing/ResolvesRouteDependencies.php(29): Illuminate\\Routing\\ControllerDispatcher->resolveMethodDependencies()
#21 /var/www/html/vendor/laravel/framework/src/Illuminate/Routing/ControllerDispatcher.php(59): Illuminate\\Routing\\ControllerDispatcher->resolveClassMethodDependencies()
#22 /var/www/html/vendor/laravel/framework/src/Illuminate/Routing/ControllerDispatcher.php(40): Illuminate\\Routing\\ControllerDispatcher->resolveParameters()
#23 /var/www/html/vendor/laravel/framework/src/Illuminate/Routing/Route.php(260): Illuminate\\Routing\\ControllerDispatcher->dispatch()
#24 /var/www/html/vendor/laravel/framework/src/Illuminate/Routing/Route.php(206): Illuminate\\Routing\\Route->runController()
#25 /var/www/html/vendor/laravel/framework/src/Illuminate/Routing/Router.php(808): Illuminate\\Routing\\Route->run()
#26 /var/www/html/vendor/laravel/framework/src/Illuminate/Pipeline/Pipeline.php(144): Illuminate\\Routing\\Router->Illuminate\\Routing\\{closure}()
#27 /var/www/html/vendor/laravel/framework/src/Illuminate/Routing/Middleware/SubstituteBindings.php(50): Illuminate\\Pipeline\\Pipeline->Illuminate\\Pipeline\\{closure}()
#28 /var/www/html/vendor/laravel/framework/src/Illuminate/Pipeline/Pipeline.php(183): Illuminate\\Routing\\Middleware\\SubstituteBindings->handle()
#29 /var/www/html/vendor/laravel/framework/src/Illuminate/Pipeline/Pipeline.php(119): Illuminate\\Pipeline\\Pipeline->Illuminate\\Pipeline\\{closure}()
#30 /var/www/html/vendor/laravel/framework/src/Illuminate/Routing/Router.php(807): Illuminate\\Pipeline\\Pipeline->then()
#31 /var/www/html/vendor/laravel/framework/src/Illuminate/Routing/Router.php(786): Illuminate\\Routing\\Router->runRouteWithinStack()
#32 /var/www/html/vendor/laravel/framework/src/Illuminate/Routing/Router.php(750): Illuminate\\Routing\\Router->runRoute()
#33 /var/www/html/vendor/laravel/framework/src/Illuminate/Routing/Router.php(739): Illuminate\\Routing\\Router->dispatchToRoute()
#34 /var/www/html/vendor/laravel/framework/src/Illuminate/Foundation/Http/Kernel.php(201): Illuminate\\Routing\\Router->dispatch()
#35 /var/www/html/vendor/laravel/framework/src/Illuminate/Pipeline/Pipeline.php(144): Illuminate\\Foundation\\Http\\Kernel->Illuminate\\Foundation\\Http\\{closure}()
#36 /var/www/html/vendor/laravel/framework/src/Illuminate/Foundation/Http/Middleware/TransformsRequest.php(21): Illuminate\\Pipeline\\Pipeline->Illuminate\\Pipeline\\{closure}()
#37 /var/www/html/vendor/laravel/framework/src/Illuminate/Foundation/Http/Middleware/ConvertEmptyStringsToNull.php(31): Illuminate\\Foundation\\Http\\Middleware\\TransformsRequest->handle()
#38 /var/www/html/vendor/laravel/framework/src/Illuminate/Pipeline/Pipeline.php(183): Illuminate\\Foundation\\Http\\Middleware\\ConvertEmptyStringsToNull->handle()
#39 /var/www/html/vendor/laravel/framework/src/Illuminate/Foundation/Http/Middleware/TransformsRequest.php(21): Illuminate\\Pipeline\\Pipeline->Illuminate\\Pipeline\\{closure}()
#40 /var/www/html/vendor/laravel/framework/src/Illuminate/Foundation/Http/Middleware/TrimStrings.php(51): Illuminate\\Foundation\\Http\\Middleware\\TransformsRequest->handle()
#41 /var/www/html/vendor/laravel/framework/src/Illuminate/Pipeline/Pipeline.php(183): Illuminate\\Foundation\\Http\\Middleware\\TrimStrings->handle()
#42 /var/www/html/vendor/laravel/framework/src/Illuminate/Http/Middleware/ValidatePostSize.php(27): Illuminate\\Pipeline\\Pipeline->Illuminate\\Pipeline\\{closure}()
#43 /var/www/html/vendor/laravel/framework/src/Illuminate/Pipeline/Pipeline.php(183): Illuminate\\Http\\Middleware\\ValidatePostSize->handle()
#44 /var/www/html/vendor/laravel/framework/src/Illuminate/Foundation/Http/Middleware/PreventRequestsDuringMaintenance.php(110): Illuminate\\Pipeline\\Pipeline->Illuminate\\Pipeline\\{closure}()
#45 /var/www/html/vendor/laravel/framework/src/Illuminate/Pipeline/Pipeline.php(183): Illuminate\\Foundation\\Http\\Middleware\\PreventRequestsDuringMaintenance->handle()
#46 /var/www/html/vendor/laravel/framework/src/Illuminate/Http/Middleware/HandleCors.php(62): Illuminate\\Pipeline\\Pipeline->Illuminate\\Pipeline\\{closure}()
#47 /var/www/html/vendor/laravel/framework/src/Illuminate/Pipeline/Pipeline.php(183): Illuminate\\Http\\Middleware\\HandleCors->handle()
#48 /var/www/html/vendor/laravel/framework/src/Illuminate/Http/Middleware/TrustProxies.php(57): Illuminate\\Pipeline\\Pipeline->Illuminate\\Pipeline\\{closure}()
#49 /var/www/html/vendor/laravel/framework/src/Illuminate/Pipeline/Pipeline.php(183): Illuminate\\Http\\Middleware\\TrustProxies->handle()
#50 /var/www/html/vendor/laravel/framework/src/Illuminate/Pipeline/Pipeline.php(119): Illuminate\\Pipeline\\Pipeline->Illuminate\\Pipeline\\{closure}()
#51 /var/www/html/vendor/laravel/framework/src/Illuminate/Foundation/Http/Kernel.php(176): Illuminate\\Pipeline\\Pipeline->then()
#52 /var/www/html/vendor/laravel/framework/src/Illuminate/Foundation/Http/Kernel.php(145): Illuminate\\Foundation\\Http\\Kernel->sendRequestThroughRouter()
#53 /var/www/html/vendor/laravel/framework/src/Illuminate/Foundation/Application.php(1188): Illuminate\\Foundation\\Http\\Kernel->handle()
#54 /var/www/html/public/index.php(17): Illuminate\\Foundation\\Application->handleRequest()
#55 /var/www/html/vendor/laravel/framework/src/Illuminate/Foundation/resources/server.php(23): require_once('...')
#56 {main}
"} 
[2024-08-01 19:55:09] local.ERROR: SQLSTATE[08006] [7] could not translate host name "pgsql" to address: Temporary failure in name resolution (Connection: pgsql, SQL: select c.relname as name, n.nspname as schema, pg_total_relation_size(c.oid) as size, obj_description(c.oid, 'pg_class') as comment from pg_class c, pg_namespace n where c.relkind in ('r', 'p') and n.oid = c.relnamespace and n.nspname not in ('pg_catalog', 'information_schema') order by c.relname) {"exception":"[object] (Illuminate\\Database\\QueryException(code: 7): SQLSTATE[08006] [7] could not translate host name \"pgsql\" to address: Temporary failure in name resolution (Connection: pgsql, SQL: select c.relname as name, n.nspname as schema, pg_total_relation_size(c.oid) as size, obj_description(c.oid, 'pg_class') as comment from pg_class c, pg_namespace n where c.relkind in ('r', 'p') and n.oid = c.relnamespace and n.nspname not in ('pg_catalog', 'information_schema') order by c.relname) at /home/sarev17/placehub/vendor/laravel/framework/src/Illuminate/Database/Connection.php:813)
[stacktrace]
#0 /home/sarev17/placehub/vendor/laravel/framework/src/Illuminate/Database/Connection.php(967): Illuminate\\Database\\Connection->runQueryCallback()
#1 /home/sarev17/placehub/vendor/laravel/framework/src/Illuminate/Database/Connection.php(946): Illuminate\\Database\\Connection->tryAgainIfCausedByLostConnection()
#2 /home/sarev17/placehub/vendor/laravel/framework/src/Illuminate/Database/Connection.php(769): Illuminate\\Database\\Connection->handleQueryException()
#3 /home/sarev17/placehub/vendor/laravel/framework/src/Illuminate/Database/Connection.php(398): Illuminate\\Database\\Connection->run()
#4 /home/sarev17/placehub/vendor/laravel/framework/src/Illuminate/Database/Connection.php(385): Illuminate\\Database\\Connection->select()
#5 /home/sarev17/placehub/vendor/laravel/framework/src/Illuminate/Database/Schema/Builder.php(183): Illuminate\\Database\\Connection->selectFromWriteConnection()
#6 /home/sarev17/placehub/vendor/laravel/framework/src/Illuminate/Database/Schema/PostgresBuilder.php(52): Illuminate\\Database\\Schema\\Builder->getTables()
#7 /home/sarev17/placehub/vendor/laravel/framework/src/Illuminate/Database/Migrations/DatabaseMigrationRepository.php(184): Illuminate\\Database\\Schema\\PostgresBuilder->hasTable()
#8 /home/sarev17/placehub/vendor/laravel/framework/src/Illuminate/Database/Migrations/Migrator.php(680): Illuminate\\Database\\Migrations\\DatabaseMigrationRepository->repositoryExists()
#9 /home/sarev17/placehub/vendor/laravel/framework/src/Illuminate/Database/Console/Migrations/MigrateCommand.php(164): Illuminate\\Database\\Migrations\\Migrator->repositoryExists()
#10 /home/sarev17/placehub/vendor/laravel/framework/src/Illuminate/Support/helpers.php(319): Illuminate\\Database\\Console\\Migrations\\MigrateCommand->Illuminate\\Database\\Console\\Migrations\\{closure}()
#11 /home/sarev17/placehub/vendor/laravel/framework/src/Illuminate/Database/Console/Migrations/MigrateCommand.php(164): retry()
#12 /home/sarev17/placehub/vendor/laravel/framework/src/Illuminate/Database/Console/Migrations/MigrateCommand.php(140): Illuminate\\Database\\Console\\Migrations\\MigrateCommand->repositoryExists()
#13 /home/sarev17/placehub/vendor/laravel/framework/src/Illuminate/Database/Console/Migrations/MigrateCommand.php(110): Illuminate\\Database\\Console\\Migrations\\MigrateCommand->prepareDatabase()
#14 /home/sarev17/placehub/vendor/laravel/framework/src/Illuminate/Database/Migrations/Migrator.php(615): Illuminate\\Database\\Console\\Migrations\\MigrateCommand->Illuminate\\Database\\Console\\Migrations\\{closure}()
#15 /home/sarev17/placehub/vendor/laravel/framework/src/Illuminate/Database/Console/Migrations/MigrateCommand.php(109): Illuminate\\Database\\Migrations\\Migrator->usingConnection()
#16 /home/sarev17/placehub/vendor/laravel/framework/src/Illuminate/Database/Console/Migrations/MigrateCommand.php(88): Illuminate\\Database\\Console\\Migrations\\MigrateCommand->runMigrations()
#17 /home/sarev17/placehub/vendor/laravel/framework/src/Illuminate/Container/BoundMethod.php(36): Illuminate\\Database\\Console\\Migrations\\MigrateCommand->handle()
#18 /home/sarev17/placehub/vendor/laravel/framework/src/Illuminate/Container/Util.php(41): Illuminate\\Container\\BoundMethod::Illuminate\\Container\\{closure}()
#19 /home/sarev17/placehub/vendor/laravel/framework/src/Illuminate/Container/BoundMethod.php(93): Illuminate\\Container\\Util::unwrapIfClosure()
#20 /home/sarev17/placehub/vendor/laravel/framework/src/Illuminate/Container/BoundMethod.php(35): Illuminate\\Container\\BoundMethod::callBoundMethod()
#21 /home/sarev17/placehub/vendor/laravel/framework/src/Illuminate/Container/Container.php(690): Illuminate\\Container\\BoundMethod::call()
#22 /home/sarev17/placehub/vendor/laravel/framework/src/Illuminate/Console/Command.php(213): Illuminate\\Container\\Container->call()
#23 /home/sarev17/placehub/vendor/symfony/console/Command/Command.php(279): Illuminate\\Console\\Command->execute()
#24 /home/sarev17/placehub/vendor/laravel/framework/src/Illuminate/Console/Command.php(182): Symfony\\Component\\Console\\Command\\Command->run()
#25 /home/sarev17/placehub/vendor/symfony/console/Application.php(1047): Illuminate\\Console\\Command->run()
#26 /home/sarev17/placehub/vendor/symfony/console/Application.php(316): Symfony\\Component\\Console\\Application->doRunCommand()
#27 /home/sarev17/placehub/vendor/symfony/console/Application.php(167): Symfony\\Component\\Console\\Application->doRun()
#28 /home/sarev17/placehub/vendor/laravel/framework/src/Illuminate/Foundation/Console/Kernel.php(197): Symfony\\Component\\Console\\Application->run()
#29 /home/sarev17/placehub/vendor/laravel/framework/src/Illuminate/Foundation/Application.php(1203): Illuminate\\Foundation\\Console\\Kernel->handle()
#30 /home/sarev17/placehub/artisan(13): Illuminate\\Foundation\\Application->handleCommand()
#31 {main}

[previous exception] [object] (PDOException(code: 7): SQLSTATE[08006] [7] could not translate host name \"pgsql\" to address: Temporary failure in name resolution at /home/sarev17/placehub/vendor/laravel/framework/src/Illuminate/Database/Connectors/Connector.php:65)
[stacktrace]
#0 /home/sarev17/placehub/vendor/laravel/framework/src/Illuminate/Database/Connectors/Connector.php(65): PDO->__construct()
#1 /home/sarev17/placehub/vendor/laravel/framework/src/Illuminate/Database/Connectors/Connector.php(83): Illuminate\\Database\\Connectors\\Connector->createPdoConnection()
#2 /home/sarev17/placehub/vendor/laravel/framework/src/Illuminate/Database/Connectors/Connector.php(48): Illuminate\\Database\\Connectors\\Connector->tryAgainIfCausedByLostConnection()
#3 /home/sarev17/placehub/vendor/laravel/framework/src/Illuminate/Database/Connectors/PostgresConnector.php(35): Illuminate\\Database\\Connectors\\Connector->createConnection()
#4 /home/sarev17/placehub/vendor/laravel/framework/src/Illuminate/Database/Connectors/ConnectionFactory.php(185): Illuminate\\Database\\Connectors\\PostgresConnector->connect()
#5 [internal function]: Illuminate\\Database\\Connectors\\ConnectionFactory->Illuminate\\Database\\Connectors\\{closure}()
#6 /home/sarev17/placehub/vendor/laravel/framework/src/Illuminate/Database/Connection.php(1219): call_user_func()
#7 /home/sarev17/placehub/vendor/laravel/framework/src/Illuminate/Database/Connection.php(512): Illuminate\\Database\\Connection->getPdo()
#8 /home/sarev17/placehub/vendor/laravel/framework/src/Illuminate/Database/Connection.php(407): Illuminate\\Database\\Connection->getPdoForSelect()
#9 /home/sarev17/placehub/vendor/laravel/framework/src/Illuminate/Database/Connection.php(800): Illuminate\\Database\\Connection->Illuminate\\Database\\{closure}()
#10 /home/sarev17/placehub/vendor/laravel/framework/src/Illuminate/Database/Connection.php(967): Illuminate\\Database\\Connection->runQueryCallback()
#11 /home/sarev17/placehub/vendor/laravel/framework/src/Illuminate/Database/Connection.php(946): Illuminate\\Database\\Connection->tryAgainIfCausedByLostConnection()
#12 /home/sarev17/placehub/vendor/laravel/framework/src/Illuminate/Database/Connection.php(769): Illuminate\\Database\\Connection->handleQueryException()
#13 /home/sarev17/placehub/vendor/laravel/framework/src/Illuminate/Database/Connection.php(398): Illuminate\\Database\\Connection->run()
#14 /home/sarev17/placehub/vendor/laravel/framework/src/Illuminate/Database/Connection.php(385): Illuminate\\Database\\Connection->select()
#15 /home/sarev17/placehub/vendor/laravel/framework/src/Illuminate/Database/Schema/Builder.php(183): Illuminate\\Database\\Connection->selectFromWriteConnection()
#16 /home/sarev17/placehub/vendor/laravel/framework/src/Illuminate/Database/Schema/PostgresBuilder.php(52): Illuminate\\Database\\Schema\\Builder->getTables()
#17 /home/sarev17/placehub/vendor/laravel/framework/src/Illuminate/Database/Migrations/DatabaseMigrationRepository.php(184): Illuminate\\Database\\Schema\\PostgresBuilder->hasTable()
#18 /home/sarev17/placehub/vendor/laravel/framework/src/Illuminate/Database/Migrations/Migrator.php(680): Illuminate\\Database\\Migrations\\DatabaseMigrationRepository->repositoryExists()
#19 /home/sarev17/placehub/vendor/laravel/framework/src/Illuminate/Database/Console/Migrations/MigrateCommand.php(164): Illuminate\\Database\\Migrations\\Migrator->repositoryExists()
#20 /home/sarev17/placehub/vendor/laravel/framework/src/Illuminate/Support/helpers.php(319): Illuminate\\Database\\Console\\Migrations\\MigrateCommand->Illuminate\\Database\\Console\\Migrations\\{closure}()
#21 /home/sarev17/placehub/vendor/laravel/framework/src/Illuminate/Database/Console/Migrations/MigrateCommand.php(164): retry()
#22 /home/sarev17/placehub/vendor/laravel/framework/src/Illuminate/Database/Console/Migrations/MigrateCommand.php(140): Illuminate\\Database\\Console\\Migrations\\MigrateCommand->repositoryExists()
#23 /home/sarev17/placehub/vendor/laravel/framework/src/Illuminate/Database/Console/Migrations/MigrateCommand.php(110): Illuminate\\Database\\Console\\Migrations\\MigrateCommand->prepareDatabase()
#24 /home/sarev17/placehub/vendor/laravel/framework/src/Illuminate/Database/Migrations/Migrator.php(615): Illuminate\\Database\\Console\\Migrations\\MigrateCommand->Illuminate\\Database\\Console\\Migrations\\{closure}()
#25 /home/sarev17/placehub/vendor/laravel/framework/src/Illuminate/Database/Console/Migrations/MigrateCommand.php(109): Illuminate\\Database\\Migrations\\Migrator->usingConnection()
#26 /home/sarev17/placehub/vendor/laravel/framework/src/Illuminate/Database/Console/Migrations/MigrateCommand.php(88): Illuminate\\Database\\Console\\Migrations\\MigrateCommand->runMigrations()
#27 /home/sarev17/placehub/vendor/laravel/framework/src/Illuminate/Container/BoundMethod.php(36): Illuminate\\Database\\Console\\Migrations\\MigrateCommand->handle()
#28 /home/sarev17/placehub/vendor/laravel/framework/src/Illuminate/Container/Util.php(41): Illuminate\\Container\\BoundMethod::Illuminate\\Container\\{closure}()
#29 /home/sarev17/placehub/vendor/laravel/framework/src/Illuminate/Container/BoundMethod.php(93): Illuminate\\Container\\Util::unwrapIfClosure()
#30 /home/sarev17/placehub/vendor/laravel/framework/src/Illuminate/Container/BoundMethod.php(35): Illuminate\\Container\\BoundMethod::callBoundMethod()
#31 /home/sarev17/placehub/vendor/laravel/framework/src/Illuminate/Container/Container.php(690): Illuminate\\Container\\BoundMethod::call()
#32 /home/sarev17/placehub/vendor/laravel/framework/src/Illuminate/Console/Command.php(213): Illuminate\\Container\\Container->call()
#33 /home/sarev17/placehub/vendor/symfony/console/Command/Command.php(279): Illuminate\\Console\\Command->execute()
#34 /home/sarev17/placehub/vendor/laravel/framework/src/Illuminate/Console/Command.php(182): Symfony\\Component\\Console\\Command\\Command->run()
#35 /home/sarev17/placehub/vendor/symfony/console/Application.php(1047): Illuminate\\Console\\Command->run()
#36 /home/sarev17/placehub/vendor/symfony/console/Application.php(316): Symfony\\Component\\Console\\Application->doRunCommand()
#37 /home/sarev17/placehub/vendor/symfony/console/Application.php(167): Symfony\\Component\\Console\\Application->doRun()
#38 /home/sarev17/placehub/vendor/laravel/framework/src/Illuminate/Foundation/Console/Kernel.php(197): Symfony\\Component\\Console\\Application->run()
#39 /home/sarev17/placehub/vendor/laravel/framework/src/Illuminate/Foundation/Application.php(1203): Illuminate\\Foundation\\Console\\Kernel->handle()
#40 /home/sarev17/placehub/artisan(13): Illuminate\\Foundation\\Application->handleCommand()
#41 {main}
"} 
[2024-08-01 20:02:48] local.ERROR: SQLSTATE[08006] [7] could not translate host name "pgsql" to address: Temporary failure in name resolution (Connection: pgsql, SQL: select c.relname as name, n.nspname as schema, pg_total_relation_size(c.oid) as size, obj_description(c.oid, 'pg_class') as comment from pg_class c, pg_namespace n where c.relkind in ('r', 'p') and n.oid = c.relnamespace and n.nspname not in ('pg_catalog', 'information_schema') order by c.relname) {"exception":"[object] (Illuminate\\Database\\QueryException(code: 7): SQLSTATE[08006] [7] could not translate host name \"pgsql\" to address: Temporary failure in name resolution (Connection: pgsql, SQL: select c.relname as name, n.nspname as schema, pg_total_relation_size(c.oid) as size, obj_description(c.oid, 'pg_class') as comment from pg_class c, pg_namespace n where c.relkind in ('r', 'p') and n.oid = c.relnamespace and n.nspname not in ('pg_catalog', 'information_schema') order by c.relname) at /home/sarev17/placehub/vendor/laravel/framework/src/Illuminate/Database/Connection.php:813)
[stacktrace]
#0 /home/sarev17/placehub/vendor/laravel/framework/src/Illuminate/Database/Connection.php(967): Illuminate\\Database\\Connection->runQueryCallback()
#1 /home/sarev17/placehub/vendor/laravel/framework/src/Illuminate/Database/Connection.php(946): Illuminate\\Database\\Connection->tryAgainIfCausedByLostConnection()
#2 /home/sarev17/placehub/vendor/laravel/framework/src/Illuminate/Database/Connection.php(769): Illuminate\\Database\\Connection->handleQueryException()
#3 /home/sarev17/placehub/vendor/laravel/framework/src/Illuminate/Database/Connection.php(398): Illuminate\\Database\\Connection->run()
#4 /home/sarev17/placehub/vendor/laravel/framework/src/Illuminate/Database/Connection.php(385): Illuminate\\Database\\Connection->select()
#5 /home/sarev17/placehub/vendor/laravel/framework/src/Illuminate/Database/Schema/Builder.php(183): Illuminate\\Database\\Connection->selectFromWriteConnection()
#6 /home/sarev17/placehub/vendor/laravel/framework/src/Illuminate/Database/Schema/PostgresBuilder.php(52): Illuminate\\Database\\Schema\\Builder->getTables()
#7 /home/sarev17/placehub/vendor/laravel/framework/src/Illuminate/Database/Migrations/DatabaseMigrationRepository.php(184): Illuminate\\Database\\Schema\\PostgresBuilder->hasTable()
#8 /home/sarev17/placehub/vendor/laravel/framework/src/Illuminate/Database/Migrations/Migrator.php(680): Illuminate\\Database\\Migrations\\DatabaseMigrationRepository->repositoryExists()
#9 /home/sarev17/placehub/vendor/laravel/framework/src/Illuminate/Database/Console/Migrations/MigrateCommand.php(164): Illuminate\\Database\\Migrations\\Migrator->repositoryExists()
#10 /home/sarev17/placehub/vendor/laravel/framework/src/Illuminate/Support/helpers.php(319): Illuminate\\Database\\Console\\Migrations\\MigrateCommand->Illuminate\\Database\\Console\\Migrations\\{closure}()
#11 /home/sarev17/placehub/vendor/laravel/framework/src/Illuminate/Database/Console/Migrations/MigrateCommand.php(164): retry()
#12 /home/sarev17/placehub/vendor/laravel/framework/src/Illuminate/Database/Console/Migrations/MigrateCommand.php(140): Illuminate\\Database\\Console\\Migrations\\MigrateCommand->repositoryExists()
#13 /home/sarev17/placehub/vendor/laravel/framework/src/Illuminate/Database/Console/Migrations/MigrateCommand.php(110): Illuminate\\Database\\Console\\Migrations\\MigrateCommand->prepareDatabase()
#14 /home/sarev17/placehub/vendor/laravel/framework/src/Illuminate/Database/Migrations/Migrator.php(615): Illuminate\\Database\\Console\\Migrations\\MigrateCommand->Illuminate\\Database\\Console\\Migrations\\{closure}()
#15 /home/sarev17/placehub/vendor/laravel/framework/src/Illuminate/Database/Console/Migrations/MigrateCommand.php(109): Illuminate\\Database\\Migrations\\Migrator->usingConnection()
#16 /home/sarev17/placehub/vendor/laravel/framework/src/Illuminate/Database/Console/Migrations/MigrateCommand.php(88): Illuminate\\Database\\Console\\Migrations\\MigrateCommand->runMigrations()
#17 /home/sarev17/placehub/vendor/laravel/framework/src/Illuminate/Container/BoundMethod.php(36): Illuminate\\Database\\Console\\Migrations\\MigrateCommand->handle()
#18 /home/sarev17/placehub/vendor/laravel/framework/src/Illuminate/Container/Util.php(41): Illuminate\\Container\\BoundMethod::Illuminate\\Container\\{closure}()
#19 /home/sarev17/placehub/vendor/laravel/framework/src/Illuminate/Container/BoundMethod.php(93): Illuminate\\Container\\Util::unwrapIfClosure()
#20 /home/sarev17/placehub/vendor/laravel/framework/src/Illuminate/Container/BoundMethod.php(35): Illuminate\\Container\\BoundMethod::callBoundMethod()
#21 /home/sarev17/placehub/vendor/laravel/framework/src/Illuminate/Container/Container.php(690): Illuminate\\Container\\BoundMethod::call()
#22 /home/sarev17/placehub/vendor/laravel/framework/src/Illuminate/Console/Command.php(213): Illuminate\\Container\\Container->call()
#23 /home/sarev17/placehub/vendor/symfony/console/Command/Command.php(279): Illuminate\\Console\\Command->execute()
#24 /home/sarev17/placehub/vendor/laravel/framework/src/Illuminate/Console/Command.php(182): Symfony\\Component\\Console\\Command\\Command->run()
#25 /home/sarev17/placehub/vendor/symfony/console/Application.php(1047): Illuminate\\Console\\Command->run()
#26 /home/sarev17/placehub/vendor/symfony/console/Application.php(316): Symfony\\Component\\Console\\Application->doRunCommand()
#27 /home/sarev17/placehub/vendor/symfony/console/Application.php(167): Symfony\\Component\\Console\\Application->doRun()
#28 /home/sarev17/placehub/vendor/laravel/framework/src/Illuminate/Foundation/Console/Kernel.php(197): Symfony\\Component\\Console\\Application->run()
#29 /home/sarev17/placehub/vendor/laravel/framework/src/Illuminate/Foundation/Application.php(1203): Illuminate\\Foundation\\Console\\Kernel->handle()
#30 /home/sarev17/placehub/artisan(13): Illuminate\\Foundation\\Application->handleCommand()
#31 {main}

[previous exception] [object] (PDOException(code: 7): SQLSTATE[08006] [7] could not translate host name \"pgsql\" to address: Temporary failure in name resolution at /home/sarev17/placehub/vendor/laravel/framework/src/Illuminate/Database/Connectors/Connector.php:65)
[stacktrace]
#0 /home/sarev17/placehub/vendor/laravel/framework/src/Illuminate/Database/Connectors/Connector.php(65): PDO->__construct()
#1 /home/sarev17/placehub/vendor/laravel/framework/src/Illuminate/Database/Connectors/Connector.php(83): Illuminate\\Database\\Connectors\\Connector->createPdoConnection()
#2 /home/sarev17/placehub/vendor/laravel/framework/src/Illuminate/Database/Connectors/Connector.php(48): Illuminate\\Database\\Connectors\\Connector->tryAgainIfCausedByLostConnection()
#3 /home/sarev17/placehub/vendor/laravel/framework/src/Illuminate/Database/Connectors/PostgresConnector.php(35): Illuminate\\Database\\Connectors\\Connector->createConnection()
#4 /home/sarev17/placehub/vendor/laravel/framework/src/Illuminate/Database/Connectors/ConnectionFactory.php(185): Illuminate\\Database\\Connectors\\PostgresConnector->connect()
#5 [internal function]: Illuminate\\Database\\Connectors\\ConnectionFactory->Illuminate\\Database\\Connectors\\{closure}()
#6 /home/sarev17/placehub/vendor/laravel/framework/src/Illuminate/Database/Connection.php(1219): call_user_func()
#7 /home/sarev17/placehub/vendor/laravel/framework/src/Illuminate/Database/Connection.php(512): Illuminate\\Database\\Connection->getPdo()
#8 /home/sarev17/placehub/vendor/laravel/framework/src/Illuminate/Database/Connection.php(407): Illuminate\\Database\\Connection->getPdoForSelect()
#9 /home/sarev17/placehub/vendor/laravel/framework/src/Illuminate/Database/Connection.php(800): Illuminate\\Database\\Connection->Illuminate\\Database\\{closure}()
#10 /home/sarev17/placehub/vendor/laravel/framework/src/Illuminate/Database/Connection.php(967): Illuminate\\Database\\Connection->runQueryCallback()
#11 /home/sarev17/placehub/vendor/laravel/framework/src/Illuminate/Database/Connection.php(946): Illuminate\\Database\\Connection->tryAgainIfCausedByLostConnection()
#12 /home/sarev17/placehub/vendor/laravel/framework/src/Illuminate/Database/Connection.php(769): Illuminate\\Database\\Connection->handleQueryException()
#13 /home/sarev17/placehub/vendor/laravel/framework/src/Illuminate/Database/Connection.php(398): Illuminate\\Database\\Connection->run()
#14 /home/sarev17/placehub/vendor/laravel/framework/src/Illuminate/Database/Connection.php(385): Illuminate\\Database\\Connection->select()
#15 /home/sarev17/placehub/vendor/laravel/framework/src/Illuminate/Database/Schema/Builder.php(183): Illuminate\\Database\\Connection->selectFromWriteConnection()
#16 /home/sarev17/placehub/vendor/laravel/framework/src/Illuminate/Database/Schema/PostgresBuilder.php(52): Illuminate\\Database\\Schema\\Builder->getTables()
#17 /home/sarev17/placehub/vendor/laravel/framework/src/Illuminate/Database/Migrations/DatabaseMigrationRepository.php(184): Illuminate\\Database\\Schema\\PostgresBuilder->hasTable()
#18 /home/sarev17/placehub/vendor/laravel/framework/src/Illuminate/Database/Migrations/Migrator.php(680): Illuminate\\Database\\Migrations\\DatabaseMigrationRepository->repositoryExists()
#19 /home/sarev17/placehub/vendor/laravel/framework/src/Illuminate/Database/Console/Migrations/MigrateCommand.php(164): Illuminate\\Database\\Migrations\\Migrator->repositoryExists()
#20 /home/sarev17/placehub/vendor/laravel/framework/src/Illuminate/Support/helpers.php(319): Illuminate\\Database\\Console\\Migrations\\MigrateCommand->Illuminate\\Database\\Console\\Migrations\\{closure}()
#21 /home/sarev17/placehub/vendor/laravel/framework/src/Illuminate/Database/Console/Migrations/MigrateCommand.php(164): retry()
#22 /home/sarev17/placehub/vendor/laravel/framework/src/Illuminate/Database/Console/Migrations/MigrateCommand.php(140): Illuminate\\Database\\Console\\Migrations\\MigrateCommand->repositoryExists()
#23 /home/sarev17/placehub/vendor/laravel/framework/src/Illuminate/Database/Console/Migrations/MigrateCommand.php(110): Illuminate\\Database\\Console\\Migrations\\MigrateCommand->prepareDatabase()
#24 /home/sarev17/placehub/vendor/laravel/framework/src/Illuminate/Database/Migrations/Migrator.php(615): Illuminate\\Database\\Console\\Migrations\\MigrateCommand->Illuminate\\Database\\Console\\Migrations\\{closure}()
#25 /home/sarev17/placehub/vendor/laravel/framework/src/Illuminate/Database/Console/Migrations/MigrateCommand.php(109): Illuminate\\Database\\Migrations\\Migrator->usingConnection()
#26 /home/sarev17/placehub/vendor/laravel/framework/src/Illuminate/Database/Console/Migrations/MigrateCommand.php(88): Illuminate\\Database\\Console\\Migrations\\MigrateCommand->runMigrations()
#27 /home/sarev17/placehub/vendor/laravel/framework/src/Illuminate/Container/BoundMethod.php(36): Illuminate\\Database\\Console\\Migrations\\MigrateCommand->handle()
#28 /home/sarev17/placehub/vendor/laravel/framework/src/Illuminate/Container/Util.php(41): Illuminate\\Container\\BoundMethod::Illuminate\\Container\\{closure}()
#29 /home/sarev17/placehub/vendor/laravel/framework/src/Illuminate/Container/BoundMethod.php(93): Illuminate\\Container\\Util::unwrapIfClosure()
#30 /home/sarev17/placehub/vendor/laravel/framework/src/Illuminate/Container/BoundMethod.php(35): Illuminate\\Container\\BoundMethod::callBoundMethod()
#31 /home/sarev17/placehub/vendor/laravel/framework/src/Illuminate/Container/Container.php(690): Illuminate\\Container\\BoundMethod::call()
#32 /home/sarev17/placehub/vendor/laravel/framework/src/Illuminate/Console/Command.php(213): Illuminate\\Container\\Container->call()
#33 /home/sarev17/placehub/vendor/symfony/console/Command/Command.php(279): Illuminate\\Console\\Command->execute()
#34 /home/sarev17/placehub/vendor/laravel/framework/src/Illuminate/Console/Command.php(182): Symfony\\Component\\Console\\Command\\Command->run()
#35 /home/sarev17/placehub/vendor/symfony/console/Application.php(1047): Illuminate\\Console\\Command->run()
#36 /home/sarev17/placehub/vendor/symfony/console/Application.php(316): Symfony\\Component\\Console\\Application->doRunCommand()
#37 /home/sarev17/placehub/vendor/symfony/console/Application.php(167): Symfony\\Component\\Console\\Application->doRun()
#38 /home/sarev17/placehub/vendor/laravel/framework/src/Illuminate/Foundation/Console/Kernel.php(197): Symfony\\Component\\Console\\Application->run()
#39 /home/sarev17/placehub/vendor/laravel/framework/src/Illuminate/Foundation/Application.php(1203): Illuminate\\Foundation\\Console\\Kernel->handle()
#40 /home/sarev17/placehub/artisan(13): Illuminate\\Foundation\\Application->handleCommand()
#41 {main}
"} 
[2024-08-01 20:17:44] local.ERROR: SQLSTATE[08006] [7] could not translate host name "pgsql" to address: Temporary failure in name resolution (Connection: pgsql, SQL: select c.relname as name, n.nspname as schema, pg_total_relation_size(c.oid) as size, obj_description(c.oid, 'pg_class') as comment from pg_class c, pg_namespace n where c.relkind in ('r', 'p') and n.oid = c.relnamespace and n.nspname not in ('pg_catalog', 'information_schema') order by c.relname) {"exception":"[object] (Illuminate\\Database\\QueryException(code: 7): SQLSTATE[08006] [7] could not translate host name \"pgsql\" to address: Temporary failure in name resolution (Connection: pgsql, SQL: select c.relname as name, n.nspname as schema, pg_total_relation_size(c.oid) as size, obj_description(c.oid, 'pg_class') as comment from pg_class c, pg_namespace n where c.relkind in ('r', 'p') and n.oid = c.relnamespace and n.nspname not in ('pg_catalog', 'information_schema') order by c.relname) at /home/sarev17/placehub/vendor/laravel/framework/src/Illuminate/Database/Connection.php:813)
[stacktrace]
#0 /home/sarev17/placehub/vendor/laravel/framework/src/Illuminate/Database/Connection.php(967): Illuminate\\Database\\Connection->runQueryCallback()
#1 /home/sarev17/placehub/vendor/laravel/framework/src/Illuminate/Database/Connection.php(946): Illuminate\\Database\\Connection->tryAgainIfCausedByLostConnection()
#2 /home/sarev17/placehub/vendor/laravel/framework/src/Illuminate/Database/Connection.php(769): Illuminate\\Database\\Connection->handleQueryException()
#3 /home/sarev17/placehub/vendor/laravel/framework/src/Illuminate/Database/Connection.php(398): Illuminate\\Database\\Connection->run()
#4 /home/sarev17/placehub/vendor/laravel/framework/src/Illuminate/Database/Connection.php(385): Illuminate\\Database\\Connection->select()
#5 /home/sarev17/placehub/vendor/laravel/framework/src/Illuminate/Database/Schema/Builder.php(183): Illuminate\\Database\\Connection->selectFromWriteConnection()
#6 /home/sarev17/placehub/vendor/laravel/framework/src/Illuminate/Database/Schema/PostgresBuilder.php(52): Illuminate\\Database\\Schema\\Builder->getTables()
#7 /home/sarev17/placehub/vendor/laravel/framework/src/Illuminate/Database/Migrations/DatabaseMigrationRepository.php(184): Illuminate\\Database\\Schema\\PostgresBuilder->hasTable()
#8 /home/sarev17/placehub/vendor/laravel/framework/src/Illuminate/Database/Migrations/Migrator.php(680): Illuminate\\Database\\Migrations\\DatabaseMigrationRepository->repositoryExists()
#9 /home/sarev17/placehub/vendor/laravel/framework/src/Illuminate/Database/Console/Migrations/MigrateCommand.php(164): Illuminate\\Database\\Migrations\\Migrator->repositoryExists()
#10 /home/sarev17/placehub/vendor/laravel/framework/src/Illuminate/Support/helpers.php(319): Illuminate\\Database\\Console\\Migrations\\MigrateCommand->Illuminate\\Database\\Console\\Migrations\\{closure}()
#11 /home/sarev17/placehub/vendor/laravel/framework/src/Illuminate/Database/Console/Migrations/MigrateCommand.php(164): retry()
#12 /home/sarev17/placehub/vendor/laravel/framework/src/Illuminate/Database/Console/Migrations/MigrateCommand.php(140): Illuminate\\Database\\Console\\Migrations\\MigrateCommand->repositoryExists()
#13 /home/sarev17/placehub/vendor/laravel/framework/src/Illuminate/Database/Console/Migrations/MigrateCommand.php(110): Illuminate\\Database\\Console\\Migrations\\MigrateCommand->prepareDatabase()
#14 /home/sarev17/placehub/vendor/laravel/framework/src/Illuminate/Database/Migrations/Migrator.php(615): Illuminate\\Database\\Console\\Migrations\\MigrateCommand->Illuminate\\Database\\Console\\Migrations\\{closure}()
#15 /home/sarev17/placehub/vendor/laravel/framework/src/Illuminate/Database/Console/Migrations/MigrateCommand.php(109): Illuminate\\Database\\Migrations\\Migrator->usingConnection()
#16 /home/sarev17/placehub/vendor/laravel/framework/src/Illuminate/Database/Console/Migrations/MigrateCommand.php(88): Illuminate\\Database\\Console\\Migrations\\MigrateCommand->runMigrations()
#17 /home/sarev17/placehub/vendor/laravel/framework/src/Illuminate/Container/BoundMethod.php(36): Illuminate\\Database\\Console\\Migrations\\MigrateCommand->handle()
#18 /home/sarev17/placehub/vendor/laravel/framework/src/Illuminate/Container/Util.php(41): Illuminate\\Container\\BoundMethod::Illuminate\\Container\\{closure}()
#19 /home/sarev17/placehub/vendor/laravel/framework/src/Illuminate/Container/BoundMethod.php(93): Illuminate\\Container\\Util::unwrapIfClosure()
#20 /home/sarev17/placehub/vendor/laravel/framework/src/Illuminate/Container/BoundMethod.php(35): Illuminate\\Container\\BoundMethod::callBoundMethod()
#21 /home/sarev17/placehub/vendor/laravel/framework/src/Illuminate/Container/Container.php(690): Illuminate\\Container\\BoundMethod::call()
#22 /home/sarev17/placehub/vendor/laravel/framework/src/Illuminate/Console/Command.php(213): Illuminate\\Container\\Container->call()
#23 /home/sarev17/placehub/vendor/symfony/console/Command/Command.php(279): Illuminate\\Console\\Command->execute()
#24 /home/sarev17/placehub/vendor/laravel/framework/src/Illuminate/Console/Command.php(182): Symfony\\Component\\Console\\Command\\Command->run()
#25 /home/sarev17/placehub/vendor/symfony/console/Application.php(1047): Illuminate\\Console\\Command->run()
#26 /home/sarev17/placehub/vendor/symfony/console/Application.php(316): Symfony\\Component\\Console\\Application->doRunCommand()
#27 /home/sarev17/placehub/vendor/symfony/console/Application.php(167): Symfony\\Component\\Console\\Application->doRun()
#28 /home/sarev17/placehub/vendor/laravel/framework/src/Illuminate/Foundation/Console/Kernel.php(197): Symfony\\Component\\Console\\Application->run()
#29 /home/sarev17/placehub/vendor/laravel/framework/src/Illuminate/Foundation/Application.php(1203): Illuminate\\Foundation\\Console\\Kernel->handle()
#30 /home/sarev17/placehub/artisan(13): Illuminate\\Foundation\\Application->handleCommand()
#31 {main}

[previous exception] [object] (PDOException(code: 7): SQLSTATE[08006] [7] could not translate host name \"pgsql\" to address: Temporary failure in name resolution at /home/sarev17/placehub/vendor/laravel/framework/src/Illuminate/Database/Connectors/Connector.php:65)
[stacktrace]
#0 /home/sarev17/placehub/vendor/laravel/framework/src/Illuminate/Database/Connectors/Connector.php(65): PDO->__construct()
#1 /home/sarev17/placehub/vendor/laravel/framework/src/Illuminate/Database/Connectors/Connector.php(83): Illuminate\\Database\\Connectors\\Connector->createPdoConnection()
#2 /home/sarev17/placehub/vendor/laravel/framework/src/Illuminate/Database/Connectors/Connector.php(48): Illuminate\\Database\\Connectors\\Connector->tryAgainIfCausedByLostConnection()
#3 /home/sarev17/placehub/vendor/laravel/framework/src/Illuminate/Database/Connectors/PostgresConnector.php(35): Illuminate\\Database\\Connectors\\Connector->createConnection()
#4 /home/sarev17/placehub/vendor/laravel/framework/src/Illuminate/Database/Connectors/ConnectionFactory.php(185): Illuminate\\Database\\Connectors\\PostgresConnector->connect()
#5 [internal function]: Illuminate\\Database\\Connectors\\ConnectionFactory->Illuminate\\Database\\Connectors\\{closure}()
#6 /home/sarev17/placehub/vendor/laravel/framework/src/Illuminate/Database/Connection.php(1219): call_user_func()
#7 /home/sarev17/placehub/vendor/laravel/framework/src/Illuminate/Database/Connection.php(512): Illuminate\\Database\\Connection->getPdo()
#8 /home/sarev17/placehub/vendor/laravel/framework/src/Illuminate/Database/Connection.php(407): Illuminate\\Database\\Connection->getPdoForSelect()
#9 /home/sarev17/placehub/vendor/laravel/framework/src/Illuminate/Database/Connection.php(800): Illuminate\\Database\\Connection->Illuminate\\Database\\{closure}()
#10 /home/sarev17/placehub/vendor/laravel/framework/src/Illuminate/Database/Connection.php(967): Illuminate\\Database\\Connection->runQueryCallback()
#11 /home/sarev17/placehub/vendor/laravel/framework/src/Illuminate/Database/Connection.php(946): Illuminate\\Database\\Connection->tryAgainIfCausedByLostConnection()
#12 /home/sarev17/placehub/vendor/laravel/framework/src/Illuminate/Database/Connection.php(769): Illuminate\\Database\\Connection->handleQueryException()
#13 /home/sarev17/placehub/vendor/laravel/framework/src/Illuminate/Database/Connection.php(398): Illuminate\\Database\\Connection->run()
#14 /home/sarev17/placehub/vendor/laravel/framework/src/Illuminate/Database/Connection.php(385): Illuminate\\Database\\Connection->select()
#15 /home/sarev17/placehub/vendor/laravel/framework/src/Illuminate/Database/Schema/Builder.php(183): Illuminate\\Database\\Connection->selectFromWriteConnection()
#16 /home/sarev17/placehub/vendor/laravel/framework/src/Illuminate/Database/Schema/PostgresBuilder.php(52): Illuminate\\Database\\Schema\\Builder->getTables()
#17 /home/sarev17/placehub/vendor/laravel/framework/src/Illuminate/Database/Migrations/DatabaseMigrationRepository.php(184): Illuminate\\Database\\Schema\\PostgresBuilder->hasTable()
#18 /home/sarev17/placehub/vendor/laravel/framework/src/Illuminate/Database/Migrations/Migrator.php(680): Illuminate\\Database\\Migrations\\DatabaseMigrationRepository->repositoryExists()
#19 /home/sarev17/placehub/vendor/laravel/framework/src/Illuminate/Database/Console/Migrations/MigrateCommand.php(164): Illuminate\\Database\\Migrations\\Migrator->repositoryExists()
#20 /home/sarev17/placehub/vendor/laravel/framework/src/Illuminate/Support/helpers.php(319): Illuminate\\Database\\Console\\Migrations\\MigrateCommand->Illuminate\\Database\\Console\\Migrations\\{closure}()
#21 /home/sarev17/placehub/vendor/laravel/framework/src/Illuminate/Database/Console/Migrations/MigrateCommand.php(164): retry()
#22 /home/sarev17/placehub/vendor/laravel/framework/src/Illuminate/Database/Console/Migrations/MigrateCommand.php(140): Illuminate\\Database\\Console\\Migrations\\MigrateCommand->repositoryExists()
#23 /home/sarev17/placehub/vendor/laravel/framework/src/Illuminate/Database/Console/Migrations/MigrateCommand.php(110): Illuminate\\Database\\Console\\Migrations\\MigrateCommand->prepareDatabase()
#24 /home/sarev17/placehub/vendor/laravel/framework/src/Illuminate/Database/Migrations/Migrator.php(615): Illuminate\\Database\\Console\\Migrations\\MigrateCommand->Illuminate\\Database\\Console\\Migrations\\{closure}()
#25 /home/sarev17/placehub/vendor/laravel/framework/src/Illuminate/Database/Console/Migrations/MigrateCommand.php(109): Illuminate\\Database\\Migrations\\Migrator->usingConnection()
#26 /home/sarev17/placehub/vendor/laravel/framework/src/Illuminate/Database/Console/Migrations/MigrateCommand.php(88): Illuminate\\Database\\Console\\Migrations\\MigrateCommand->runMigrations()
#27 /home/sarev17/placehub/vendor/laravel/framework/src/Illuminate/Container/BoundMethod.php(36): Illuminate\\Database\\Console\\Migrations\\MigrateCommand->handle()
#28 /home/sarev17/placehub/vendor/laravel/framework/src/Illuminate/Container/Util.php(41): Illuminate\\Container\\BoundMethod::Illuminate\\Container\\{closure}()
#29 /home/sarev17/placehub/vendor/laravel/framework/src/Illuminate/Container/BoundMethod.php(93): Illuminate\\Container\\Util::unwrapIfClosure()
#30 /home/sarev17/placehub/vendor/laravel/framework/src/Illuminate/Container/BoundMethod.php(35): Illuminate\\Container\\BoundMethod::callBoundMethod()
#31 /home/sarev17/placehub/vendor/laravel/framework/src/Illuminate/Container/Container.php(690): Illuminate\\Container\\BoundMethod::call()
#32 /home/sarev17/placehub/vendor/laravel/framework/src/Illuminate/Console/Command.php(213): Illuminate\\Container\\Container->call()
#33 /home/sarev17/placehub/vendor/symfony/console/Command/Command.php(279): Illuminate\\Console\\Command->execute()
#34 /home/sarev17/placehub/vendor/laravel/framework/src/Illuminate/Console/Command.php(182): Symfony\\Component\\Console\\Command\\Command->run()
#35 /home/sarev17/placehub/vendor/symfony/console/Application.php(1047): Illuminate\\Console\\Command->run()
#36 /home/sarev17/placehub/vendor/symfony/console/Application.php(316): Symfony\\Component\\Console\\Application->doRunCommand()
#37 /home/sarev17/placehub/vendor/symfony/console/Application.php(167): Symfony\\Component\\Console\\Application->doRun()
#38 /home/sarev17/placehub/vendor/laravel/framework/src/Illuminate/Foundation/Console/Kernel.php(197): Symfony\\Component\\Console\\Application->run()
#39 /home/sarev17/placehub/vendor/laravel/framework/src/Illuminate/Foundation/Application.php(1203): Illuminate\\Foundation\\Console\\Kernel->handle()
#40 /home/sarev17/placehub/artisan(13): Illuminate\\Foundation\\Application->handleCommand()
#41 {main}
"} 
